SLURM_CPUS_PER_TASK=192
nproc=192
STARTING GENETIC TRAINING
Threads: 192 | Depth: 3
Checking for existing checkpoints...
Resume: Loaded White Population from file!
Resume: Loaded Black Population from file!

Generation 1 running...
Best WHITE: Fit: 0.904 W: [1.2660586903848214, 6.133269224576784, 6.087049450139977, 9.459146406124294, -4.575485156527719, 1.1695097526568623, 3.9718193078752133, 10.0, 7.866324769708441, -8.267920072828522, 3.931124052264634, 8.062028412241686, 0.5284775212679071, 0.05085082003491139, 3.6700522895351555, 2.137188895216493, 3.6269927814188248, 9.955384654982614, 0.4092134738876414, -0.482784525381881]
Best BLACK: Fit: 0.800 W: [4.4478732820794, 9.232423654976593, -7.987382951490941, -9.035456969924399, 2.573861488826161, 3.7977598129121897, 5.6711857024838395, 9.364580182577868, 4.942482917969694, -6.160295490757629, 4.922771616236155, 6.887822753527777, -7.9749587626084155, 5.461679240241131, 7.306826790687399, 3.3911859260159884, -2.7259015542482294, 8.379451673830253, 4.207589074429915, 5.154016165413812]
Time: 2430577ms

Generation 2 running...
Best WHITE: Fit: 0.932 W: [1.7069974481383297, 5.538465508903736, 3.5103624306337773, 9.921920180821882, -2.6899106171634113, 0.9963350991810748, 3.1530510923263293, 10.0, 7.426780375904702, -8.882080560034442, 3.5135856120044218, 8.02318980048734, -0.6910654412444809, 1.8101784483589047, 3.2435503180844076, 1.1027967642689005, 1.7744942413641331, 9.740944574878293, 0.8517611235269456, 0.013275496348325073]
Best BLACK: Fit: 0.875 W: [2.7730026178703864, 9.479031676427358, -8.404601675813801, -8.92085877870951, 2.9075727212090507, 4.326714406341652, 6.734699680858639, 10.0, 4.643983497116946, 8.979420881766947, 4.922771616236155, 6.791010750231713, -7.852440733042039, 5.591927120525005, -9.312156518858817, 3.3911859260159884, 1.754028430787391, 9.21628160397801, 5.120396077210236, 4.742298403912113]
Time: 2449591ms

Generation 3 running...
Best WHITE: Fit: 0.979 W: [1.2660586903848214, 5.81470588418687, 3.7150770916283644, 9.768939323337868, -1.8144897010494927, 0.8068833465057055, 2.8154084591082325, 10.0, 7.866324769708441, -9.557682257927894, 3.686934333526513, 7.825172462667705, -0.8781548722115559, 0.8093550093708332, 3.6700522895351555, 2.450758076567213, 3.4766651983153123, 9.672556385896264, 0.4092134738876414, -0.482784525381881]
Best BLACK: Fit: 0.670 W: [3.329190686712457, 9.250081897120067, -6.972301657829564, -8.116471290707917, 3.1538866671583348, 4.13028894398156, 5.431002004694209, 9.069327692976097, 4.045351143456643, 4.39536735446599, 6.151806932605082, 6.487566649300854, -5.472470064484489, 9.208206173605044, -8.958611826845924, 3.1316114064867926, 1.75340291010681, 8.53115488316356, 3.43682755528385, 5.206080636799988]
Time: 3452104ms

Generation 4 running...
Best WHITE: Fit: 0.840 W: [-2.0268826764966175, 5.7818556360813185, 3.3204463196718823, 10.0, -1.7482655321567908, 1.4796005243490502, 2.5458740241927376, 10.0, 7.866324769708441, -8.882080560034442, 3.721955915221004, 9.323106277815537, -5.340718387364526, 1.8101784483589047, 2.691258856903723, 1.1027967642689005, 4.213845666740717, 9.735727519918976, -0.1655406144810455, 0.3197912022579082]
Best BLACK: Fit: 0.758 W: [4.181011169504937, 9.446175472001167, -8.350159922076099, -9.605035894071564, 2.5014496019254144, 4.527521077070932, 5.61736312533586, 9.297007637045791, 5.276513964518818, 3.2001976651241635, 6.151806932605082, 6.791010750231713, -7.6110403504326385, 8.544346976249555, -3.6047217097398816, 3.8887270770664655, 2.1083836972514343, 8.394066099134566, 3.565363250589975, 5.154016165413812]
Time: 3040184ms

Generation 5 running...
Best WHITE: Fit: 0.850 W: [-2.9670456061529764, 5.788534263410016, 6.574351679117987, 9.624605844894836, -1.8819195439609837, 0.8931070433483642, 2.663923523215676, 10.0, 7.866324769708441, -8.177681546124907, 3.373420992851023, 8.062028412241686, -0.12688447666892394, 0.05085082003491139, 3.6700522895351555, 2.371868567940531, 4.060788394297325, 9.985695340480572, -0.4417082017355193, 0.019644091240742415]
Best BLACK: Fit: 0.754 W: [3.1697360172884803, 10.0, -8.676663449406476, -8.928642134123566, 2.60781122866907, 4.131626985318352, 6.179601865408528, 10.0, 4.783281853213477, -6.355557557415467, 6.45549939308086, 4.858995723611773, -7.9749587626084155, 9.263858625849558, 7.306826790687399, 3.7429825541673303, 2.7307937006911382, 8.141003884952758, 4.200325160672169, 5.154016165413812]
Time: 2515416ms

Generation 6 running...
Best WHITE: Fit: 0.804 W: [-2.0268826764966175, 6.769244687686429, 4.395871387813632, 9.921713427976869, -1.6490046546846406, 1.4486235748002347, 2.8154084591082325, 9.348382552819215, 7.555678181600043, -8.441933745288335, 3.5695391496519955, 8.062028412241686, 0.8239145604576866, 0.05085082003491139, 4.244075483675715, 3.1827882191111967, 4.060788394297325, 9.955384654982614, 1.442410238597875, -0.3047695156111587]
Best BLACK: Fit: 0.794 W: [3.329190686712457, 9.446175472001167, -7.256626547049829, -9.605035894071564, 2.7383158326909904, 4.131626985318352, 5.825174378033995, 9.566334311303766, 4.815146588972091, 3.2001976651241635, 6.151806932605082, 6.963592896748105, -5.899802861556491, 8.411505301625615, 7.276890612685431, 4.1828497000279325, 2.8478832928996667, 8.345331823657672, 4.3050700353028715, 5.8141807264855]
Time: 2489866ms

Generation 7 running...
Best WHITE: Fit: 0.875 W: [-1.6774839456179478, 6.392000953618606, 4.243515762924966, 10.0, -2.4895210037271203, 1.1092088338858177, 3.9718193078752133, 10.0, 7.917888029876504, -8.882080560034442, 3.721955915221004, 8.062028412241686, 0.024010818115086277, 0.791721699576507, 3.5200787945121204, 3.1827882191111967, 4.36158296208472, 8.477681994488401, 0.36841251376617024, 0.1258926585795357]
Best BLACK: Fit: 0.694 W: [4.4478732820794, 9.220618969081595, -8.404601675813801, -9.813438773561662, 1.9121271383226555, 4.131626985318352, 5.61736312533586, 9.524052950270047, 3.9960254331785836, -6.355557557415467, 4.922771616236155, 5.000251797437664, -7.8993396750369165, 8.411505301625615, -3.6047217097398816, 3.192953759753724, 2.490749674305836, 8.855737478177693, 4.3050700353028715, 4.999515395819889]
Time: 2796786ms

Generation 8 running...
Best WHITE: Fit: 0.829 W: [-2.865346994600792, 5.451067731205898, 3.473815530814662, 9.612942908699072, -2.3705723898584443, 0.8032819436058805, 2.8154084591082325, 9.96881739876638, 7.866324769708441, -8.882080560034442, 3.721955915221004, 7.825172462667705, 0.024010818115086277, 0.8093550093708332, -3.0035628607242537, 2.906650825416626, 4.060788394297325, 9.955384654982614, 0.6711419140246777, -0.2812500638985976]
Best BLACK: Fit: 0.700 W: [3.0299723993454504, 9.996306488778961, -7.4450582893382995, -9.229880509042873, 2.6052378079764975, 4.694062762208199, 7.175423307956741, 10.0, 4.541222998014469, 3.5396240918148214, 4.922771616236155, 5.000251797437664, -7.9749587626084155, 5.776479310605262, 7.283915494401065, 4.386118186135256, 1.8995694400368073, 8.32101973672272, 3.43682755528385, 4.335648233694456]
Time: 2470605ms

Generation 9 running...
Best WHITE: Fit: 0.804 W: [-1.5736950254395132, 5.451067731205898, 3.473815530814662, 10.0, -2.3705723898584443, 0.9513581628874836, 3.9718193078752133, 9.6847616838409, 7.866324769708441, -8.882080560034442, 3.5185244006190777, 8.02318980048734, -4.419885403175488, 1.9961234602687048, -3.0035628607242537, 2.906650825416626, 4.060788394297325, 9.865490393961078, 0.7818226762920587, 0.5015315100909317]
Best BLACK: Fit: 0.773 W: [3.329190686712457, 9.220618969081595, -7.232965150642552, -9.605035894071564, 2.7383158326909904, 4.131626985318352, 5.825174378033995, 9.524052950270047, 4.2215476746855005, 3.2001976651241635, 6.151806932605082, 6.963592896748105, -5.899802861556491, 8.411505301625615, -3.6047217097398816, 3.192953759753724, 2.8478832928996667, 8.394066099134566, 5.743245844313826, 5.469601572562028]
Time: 2554458ms

Generation 10 running...
Best WHITE: Fit: 0.811 W: [-2.865346994600792, 5.918133462369363, 3.473815530814662, 8.989829427640572, -2.3705723898584443, 0.8032819436058805, 2.8154084591082325, 9.96881739876638, 7.866324769708441, -8.64353602462717, 3.721955915221004, 7.825172462667705, 0.024010818115086277, 0.9522252732913201, 3.8388793096628198, 0.6679693636204628, 4.319738499653834, 9.955384654982614, 1.103436802614595, -0.2812500638985976]
Best BLACK: Fit: 0.708 W: [3.3547458223366884, 9.240852443599593, -7.0851549185741085, -9.446172782395418, 3.076882601262723, 4.342762721104655, 6.734699680858639, 10.0, 4.100803030629025, 3.4171712299014034, 5.2296420659491, 5.000251797437664, -7.8993396750369165, 8.411505301625615, -9.857701922767534, 4.164119297604826, 2.543652759177414, 8.394066099134566, 4.053620676291022, 5.487735281847694]
Time: 2680972ms

Generation 11 running...
Best WHITE: Fit: 0.715 W: [-2.865346994600792, 5.918133462369363, 3.473815530814662, 8.989829427640572, -2.3705723898584443, 0.8032819436058805, 2.8154084591082325, 9.96881739876638, 7.866324769708441, -8.64353602462717, 3.721955915221004, 7.825172462667705, 0.024010818115086277, 0.9522252732913201, 3.8388793096628198, 0.6679693636204628, 4.319738499653834, 9.955384654982614, 1.103436802614595, -0.2812500638985976]
Best BLACK: Fit: 0.699 W: [3.4235500149729723, 9.330151949840799, -8.206854533074901, -9.446172782395418, 1.9843743272813796, 4.169688962214086, 6.734699680858639, 9.505991118459004, 4.942482917969694, 2.7939510311676825, 5.2296420659491, 5.000251797437664, -7.9749587626084155, 8.715243581666247, 7.55462792503612, 4.164119297604826, 2.543652759177414, 8.070362668056811, 3.718660908228835, 6.077968341571441]
Time: 2737859ms

Generation 12 running...
Best WHITE: Fit: 0.722 W: [-1.5584199623232429, 5.451067731205898, 3.6632405581937633, 9.777111177663567, -1.0934023451601973, 0.7812961735574513, 2.6381186712811067, 10.0, 7.403854201860578, -8.70389349452559, 3.9349221275485524, 8.213714422805332, -0.047589661577954044, 0.9125426771811378, 3.6543965441522213, 0.8640576333871459, 4.295121775445262, 9.971295623512546, 0.37937287427763267, 0.019644091240742415]
Best BLACK: Fit: 0.790 W: [3.296486470718153, 10.0, -7.256626547049829, -9.230966962935998, 2.7383158326909904, 4.808385787595053, 5.980942865257466, 9.380033842200914, 4.521789982912329, 3.09347838299043, 5.619387863441965, 5.000251797437664, -7.9749587626084155, 8.411505301625615, 7.306826790687399, 4.386118186135256, 2.63994815528251, 7.770480222355298, 5.462092785555786, 5.153328768383699]
Time: 3031720ms

Generation 13 running...
Best WHITE: Fit: 0.704 W: [-1.4000356595542125, 5.436808054748646, 3.4854450067371, 10.0, -2.8767639556867057, 0.5168296202953095, 2.660887728858355, 10.0, 8.03553803080477, -8.537654550310956, 3.9349221275485524, 8.106817870016757, 0.024010818115086277, 2.3432333775218526, 3.891609117445336, 3.3696941098320656, 4.060788394297325, 10.0, -0.1655406144810455, 0.013275496348325073]
Best BLACK: Fit: 0.854 W: [3.2256962720933906, 9.220618969081595, -8.44466941162694, -9.301379278502901, 1.5579850782987934, 4.910068946440388, 5.992047834817988, 9.505991118459004, 4.2215476746855005, 3.1346982947158546, 4.107770153978079, 6.905182113946911, -6.740581820015791, 8.497663211666504, 7.306826790687399, 4.218526974661887, 2.593294824684936, 8.855737478177693, 3.6868786958213287, 5.24555636498327]
Time: 2874488ms

Generation 14 running...
Best WHITE: Fit: 0.665 W: [-1.5134458155673944, 5.04901789645004, 3.5103624306337773, 9.632359688069768, -2.4733031237108225, 0.9203584918158276, 3.1750308753921903, 10.0, 7.37873608095504, -8.44864257575894, 3.721955915221004, 7.690489363025398, 0.7167659881119545, 0.19612054865851059, -2.7883866554149126, 0.6679693636204628, 3.8198428166504854, 9.978980514761115, 0.5814711010475997, 0.20535023929885782]
Best BLACK: Fit: 0.786 W: [3.2256962720933906, 9.220618969081595, -8.44466941162694, -9.301379278502901, 1.5579850782987934, 4.910068946440388, 5.992047834817988, 9.505991118459004, 4.2215476746855005, 3.1346982947158546, 4.107770153978079, 6.905182113946911, -6.740581820015791, 8.497663211666504, 7.306826790687399, 4.218526974661887, 2.593294824684936, 8.855737478177693, 3.6868786958213287, 5.24555636498327]
Time: 3162295ms

Generation 15 running...
Best WHITE: Fit: 0.754 W: [-1.922929539974896, 7.747517920889871, 3.8669280993301447, 9.777111177663567, -2.4992504293724034, 0.34787942113116144, 2.7296298077221466, 9.731586855885523, 7.866324769708441, -8.70389349452559, 3.9349221275485524, 7.53740551679594, -0.8781548722115559, 0.7389083664402225, -3.219813389486112, 0.6587144444124703, 4.948648273462631, 9.449383746946003, 0.37937287427763267, -0.32131230118310555]
Best BLACK: Fit: 0.779 W: [3.1446181339274415, 9.990459241502785, -6.918450126551187, -9.605035894071564, 2.8287394211221093, 5.1527588357760274, 5.349277194389278, 9.595475979723842, 4.261793987903103, -6.355557557415467, 4.107770153978079, 6.905182113946911, -8.820670148112056, 8.411505301625615, 7.306826790687399, 4.218526974661887, 2.543652759177414, 8.394066099134566, 3.361325242015957, 5.154016165413812]
Time: 2870049ms

Generation 16 running...
Best WHITE: Fit: 0.790 W: [-0.9822552837262439, 7.221671497991375, 3.6632405581937633, 9.808569534987079, -1.8943547867530532, 1.2328286666364878, 2.0802424936411925, 10.0, 7.817711643647184, -8.440977115394883, 3.721955915221004, 7.828885707798734, -0.7361234638741323, 1.2414415465542494, 1.7711517261413114, 0.6694177403164856, 4.40793237140338, 8.18473800814752, 0.17786456881371857, 0.013275496348325073]
Best BLACK: Fit: 0.786 W: [3.8423846854368957, 10.0, -7.061081193013381, -8.253620232580683, 1.91117563555474, 5.409721152371085, 7.215066960173564, 9.505991118459004, 4.8376413149756265, -6.560617897345945, 4.654366797174664, 4.53603471317285, -8.207009115355579, 8.60808741092783, 7.342462891210664, 4.538343054118159, 2.63994815528251, 8.002917221036377, 4.0637612003236105, 5.602542784027897]
Time: 3192360ms

Generation 17 running...
Best WHITE: Fit: 0.773 W: [-0.9822552837262439, 7.395854840114567, 3.8669280993301447, 9.632359688069768, -1.8511769206499062, 1.121067574054094, 2.0802424936411925, 10.0, 7.938072727915085, -8.824230376824493, 3.721955915221004, 7.276763590296233, -0.1894613143261824, 0.8093550093708332, 1.4018869237795055, 0.6352147311479568, 3.5227307441189737, 9.442091647655275, 0.010404542741753176, -0.016122498037689115]
Best BLACK: Fit: 0.744 W: [3.8423846854368957, 10.0, -7.061081193013381, -8.253620232580683, 1.91117563555474, 5.409721152371085, 7.215066960173564, 9.505991118459004, 4.8376413149756265, -6.560617897345945, 4.654366797174664, 4.53603471317285, -8.207009115355579, 8.60808741092783, 7.342462891210664, 4.538343054118159, 2.63994815528251, 8.002917221036377, 4.0637612003236105, 5.602542784027897]
Time: 3020230ms

Generation 18 running...
Best WHITE: Fit: 0.644 W: [-1.342783157770855, 5.015549705425696, 3.6632405581937633, 9.808569534987079, -1.8943547867530532, 1.2328286666364878, 2.0802424936411925, 10.0, 7.782752980519628, -8.440977115394883, 3.675441811521651, 7.824675694537126, -4.723680253072146, 0.9522252732913201, 3.8822736718845365, 0.6352147311479568, 4.40793237140338, 10.0, 0.08154275570539371, 0.013275496348325073]
Best BLACK: Fit: 0.911 W: [3.8423846854368957, 10.0, -7.061081193013381, -8.253620232580683, 1.91117563555474, 5.409721152371085, 7.215066960173564, 9.505991118459004, 4.8376413149756265, -6.560617897345945, 4.654366797174664, 4.53603471317285, -8.207009115355579, 8.60808741092783, 7.342462891210664, 4.538343054118159, 2.63994815528251, 8.002917221036377, 4.0637612003236105, 5.602542784027897]
Time: 3040411ms

Generation 19 running...
Best WHITE: Fit: 0.694 W: [-0.8786445147288342, 7.395854840114567, 3.562064158218003, 9.643719156469276, -2.6187322610472337, 1.0212926480582567, 3.1750308753921903, 9.731586855885523, 7.506680125167552, -8.222697913038205, 4.232378605562709, 7.690489363025398, -4.723680253072146, 1.4712785922677591, 4.143139291064466, 0.36290151883348254, 3.9100013483694633, 9.578135372336499, 0.19207572533578007, -0.016122498037689115]
Best BLACK: Fit: 0.865 W: [3.0265690737267423, 10.0, -7.266269313596623, -8.253620232580683, 0.8652372062307012, 5.026010451973749, 5.648323751129671, 9.505991118459004, 4.2215476746855005, -6.560617897345945, 4.654366797174664, 6.905182113946911, -7.043961719525357, 8.829865160894157, -9.119346724783606, 4.538343054118159, 1.929163904555279, 7.2356588002202455, 6.116895188163872, 4.951726971747191]
Time: 3060939ms

Generation 20 running...
Best WHITE: Fit: 0.686 W: [-0.8786445147288342, 7.395854840114567, 3.562064158218003, 9.643719156469276, -2.6187322610472337, 1.0212926480582567, 3.1750308753921903, 9.731586855885523, 7.506680125167552, -8.222697913038205, 4.232378605562709, 7.690489363025398, -4.723680253072146, 1.4712785922677591, 4.143139291064466, 0.36290151883348254, 3.9100013483694633, 9.578135372336499, 0.19207572533578007, -0.016122498037689115]
Best BLACK: Fit: 0.886 W: [3.8423846854368957, 10.0, -7.061081193013381, -8.295314232683513, 3.015326346547936, 5.409721152371085, 6.953780805651402, 9.505991118459004, 5.246887279459283, -6.560617897345945, 4.922771616236155, 4.53603471317285, -8.1918273582963, 8.897536216554746, 7.306826790687399, 4.218526974661887, 2.366330233273222, 8.002917221036377, 4.0637612003236105, 5.602542784027897]
Time: 2993449ms

Generation 21 running...
Best WHITE: Fit: 0.654 W: [-1.342783157770855, 6.931851979145719, 3.6632405581937633, 9.49191254416238, -1.7976903876538572, 1.121067574054094, 2.0802424936411925, 10.0, 7.422773323977623, -8.593659782080875, 3.373420992851023, 7.690489363025398, -4.419885403175488, 0.9522252732913201, 1.7711517261413114, 0.6694177403164856, 4.640713354845742, 9.119238008585576, 0.5157550812256765, 0.013275496348325073]
Best BLACK: Fit: 0.825 W: [3.8423846854368957, 10.0, -7.266269313596623, -9.159889750061973, 3.015326346547936, 5.409721152371085, 6.953780805651402, 9.505991118459004, 5.246887279459283, -6.887967713767692, 4.314825793069495, 6.905182113946911, -7.248508687696768, 7.547799967600383, 7.306826790687399, 4.218526974661887, 2.366330233273222, 7.9034401021692355, 4.0637612003236105, 5.602542784027897]
Time: 3135647ms

Generation 22 running...
Best WHITE: Fit: 0.615 W: [-1.342783157770855, 5.015549705425696, 3.272569529542492, 9.810723251507639, -1.8943547867530532, 1.3619170629022612, 2.561226981732656, 9.731586855885523, 7.866324769708441, -8.440977115394883, 3.752531505416848, 7.697051891340834, -4.419885403175488, 0.9357917040143882, 4.143139291064466, 0.6694177403164856, 4.561177054625625, 8.4885715817415, 0.5014332368740237, 0.02238985363514595]
Best BLACK: Fit: 0.950 W: [3.8423846854368957, 9.607174016721448, -7.061081193013381, -8.295314232683513, 3.015326346547936, 5.409721152371085, 6.953780805651402, 9.652363843384155, 5.246887279459283, -7.359156660763448, 4.922771616236155, 4.931432772174977, -8.207009115355579, 8.788505477252174, 7.306826790687399, 4.218526974661887, 2.63994815528251, 8.002917221036377, 4.0637612003236105, 5.602542784027897]
Time: 2877777ms

Generation 23 running...
Best WHITE: Fit: 0.615 W: [-1.342783157770855, 5.015549705425696, 3.272569529542492, 9.810723251507639, -1.8943547867530532, 1.3619170629022612, 2.561226981732656, 9.731586855885523, 7.866324769708441, -8.440977115394883, 3.752531505416848, 7.697051891340834, -4.419885403175488, 0.9357917040143882, 4.143139291064466, 0.6694177403164856, 4.561177054625625, 8.4885715817415, 0.5014332368740237, 0.02238985363514595]
Best BLACK: Fit: 0.925 W: [3.8423846854368957, 9.607174016721448, -7.061081193013381, -8.295314232683513, 3.015326346547936, 5.409721152371085, 6.953780805651402, 9.652363843384155, 5.246887279459283, -7.359156660763448, 4.922771616236155, 4.931432772174977, -8.207009115355579, 8.788505477252174, 7.306826790687399, 4.218526974661887, 2.63994815528251, 8.002917221036377, 4.0637612003236105, 5.602542784027897]
Time: 3059506ms

Generation 24 running...
Best WHITE: Fit: 0.665 W: [-1.273489032578863, 4.686909371772745, 3.226813398671052, 9.926509028156861, -2.9265133360805917, 1.2917015524075315, 2.7296298077221466, 9.332261281025957, 7.403854201860578, -8.440977115394883, 3.8612254879806285, 7.097738288150765, -0.43289848062451297, 0.9522252732913201, 1.4042700651835247, 2.699703625763045, 4.345039698369704, 9.760716098236816, 0.19228296184056373, -0.4000893904958037]
Best BLACK: Fit: 0.975 W: [3.8423846854368957, 9.607174016721448, -7.061081193013381, -8.295314232683513, 3.015326346547936, 5.409721152371085, 6.953780805651402, 9.652363843384155, 5.246887279459283, -7.359156660763448, 4.922771616236155, 4.931432772174977, -8.207009115355579, 8.788505477252174, 7.306826790687399, 4.218526974661887, 2.63994815528251, 8.002917221036377, 4.0637612003236105, 5.602542784027897]
Time: 3204253ms

Generation 25 running...
Best WHITE: Fit: 0.565 W: [-1.273489032578863, 4.686909371772745, 3.226813398671052, 9.926509028156861, -2.9265133360805917, 1.2917015524075315, 2.7296298077221466, 9.332261281025957, 7.403854201860578, -8.440977115394883, 3.8612254879806285, 7.097738288150765, -0.43289848062451297, 0.9522252732913201, 1.4042700651835247, 2.699703625763045, 4.345039698369704, 9.760716098236816, 0.19228296184056373, -0.4000893904958037]
Best BLACK: Fit: 0.925 W: [3.8423846854368957, 9.607174016721448, -7.061081193013381, -8.295314232683513, 3.015326346547936, 5.409721152371085, 6.953780805651402, 9.652363843384155, 5.246887279459283, -7.359156660763448, 4.922771616236155, 4.931432772174977, -8.207009115355579, 8.788505477252174, 7.306826790687399, 4.218526974661887, 2.63994815528251, 8.002917221036377, 4.0637612003236105, 5.602542784027897]
Time: 3253702ms

Generation 26 running...
Best WHITE: Fit: 0.825 W: [-0.8786445147288342, 5.248041794032869, 3.2097124724605552, 9.602293219615607, -3.1956301893496897, -0.34524927574844777, 2.4106522103923695, 9.865416934584708, 7.882247264224425, -8.167383446708481, 3.373420992851023, 7.03815152265587, -0.43422932241218143, 2.012699783950981, 3.858961616203136, -0.0661129040102646, 4.319738499653834, 8.92748336075921, 0.5157550812256765, 0.3835981323852438]
Best BLACK: Fit: 0.800 W: [3.8423846854368957, 9.607174016721448, -7.061081193013381, -8.295314232683513, 3.015326346547936, 5.409721152371085, 6.953780805651402, 9.652363843384155, 5.246887279459283, -7.359156660763448, 4.922771616236155, 4.931432772174977, -8.207009115355579, 8.788505477252174, 7.306826790687399, 4.218526974661887, 2.63994815528251, 8.002917221036377, 4.0637612003236105, 5.602542784027897]
Time: 3642459ms

Generation 27 running...
Best WHITE: Fit: 0.908 W: [-0.8786445147288342, 4.181119857308918, 3.794710743051029, 9.602293219615607, -3.3794188994877814, -0.21955054218754705, 2.4106522103923695, 9.673317004874011, 7.403854201860578, -8.167383446708481, 3.4477654746900446, 7.265240230550535, -0.43422932241218143, 2.689365791620511, 3.858961616203136, -0.0661129040102646, 4.0638216341654365, 9.119238008585576, 0.5157550812256765, 0.3835981323852438]
Best BLACK: Fit: 0.975 W: [3.8423846854368957, 9.607174016721448, -7.061081193013381, -8.295314232683513, 3.015326346547936, 5.409721152371085, 6.953780805651402, 9.652363843384155, 5.246887279459283, -7.359156660763448, 4.922771616236155, 4.931432772174977, -8.207009115355579, 8.788505477252174, 7.306826790687399, 4.218526974661887, 2.63994815528251, 8.002917221036377, 4.0637612003236105, 5.602542784027897]
Time: 2720106ms

Generation 28 running...
Best WHITE: Fit: 0.875 W: [-0.8786445147288342, 5.248041794032869, 3.2097124724605552, 9.602293219615607, -2.8916268393179676, -0.34524927574844777, 2.4106522103923695, 9.673317004874011, 7.403854201860578, -8.167383446708481, 3.4477654746900446, 7.265240230550535, -0.43422932241218143, 2.689365791620511, 3.858961616203136, -0.0661129040102646, 4.319738499653834, 8.92748336075921, 0.5157550812256765, 0.3835981323852438]
Best BLACK: Fit: 0.750 W: [3.8423846854368957, 9.607174016721448, -7.061081193013381, -8.295314232683513, 3.015326346547936, 5.409721152371085, 6.953780805651402, 9.652363843384155, 5.246887279459283, -7.359156660763448, 4.922771616236155, 4.931432772174977, -8.207009115355579, 8.788505477252174, 7.306826790687399, 4.218526974661887, 2.63994815528251, 8.002917221036377, 4.0637612003236105, 5.602542784027897]
Time: 2795275ms

Generation 29 running...
Best WHITE: Fit: 0.975 W: [-0.98296223117339, 4.181119857308918, 4.274205067598011, 9.602293219615607, -3.1956301893496897, -0.21955054218754705, 2.0802424936411925, 9.573772032747764, 6.967852219009934, -8.167383446708481, 3.373420992851023, 7.072768770247973, -1.2671786657793755, 2.689365791620511, 3.858961616203136, -0.0661129040102646, 4.319738499653834, 9.119238008585576, 0.4757242293468554, 0.3835981323852438]
Best BLACK: Fit: 0.750 W: [4.259635108790463, 9.685248061740669, -7.536918081601258, -8.448886239750363, 2.8127867800812, 4.233632711510458, 6.953780805651402, 9.567069315587881, 5.470803913110409, -7.44579315320011, 5.0403269901836945, 7.24673575893747, -7.146835124650549, 8.788505477252174, 7.710820139027526, 3.5398509473011313, 3.3347594018739204, 8.20010470547488, 4.0637612003236105, 6.170676748661491]
Time: 3294247ms

Generation 30 running...
